<?xml version="1.0" encoding="UTF-8"?>
<!-- Generated by org.testng.reporters.JUnitReportReporter -->
<testsuite skipped="0" hostname="Duhita-Laptop" name="testCases.DELETE_A_Product" tests="1" failures="0" timestamp="02 Jul 2021 20:44:04 GMT" time="3.340" errors="0">
  <testcase name="delete_A_Products" time="3.340" classname="testCases.DELETE_A_Product"/>
</testsuite> <!-- testCases.DELETE_A_Product -->
