<?xml version="1.0" encoding="UTF-8"?>
<!-- Generated by org.testng.reporters.JUnitReportReporter -->
<testsuite skipped="0" hostname="Duhita-Laptop" name="testCases.POST_Or_Create_A_Product" tests="1" failures="0" timestamp="02 Jul 2021 18:04:17 GMT" time="1.633" errors="0">
  <testcase name="create_A_Products" time="1.633" classname="testCases.POST_Or_Create_A_Product"/>
</testsuite> <!-- testCases.POST_Or_Create_A_Product -->
