<?xml version="1.0" encoding="UTF-8"?>
<!-- Generated by org.testng.reporters.JUnitReportReporter -->
<testsuite skipped="0" hostname="Duhita-Laptop" name="testCases.GET_Or_Read_All_Products" tests="1" failures="0" timestamp="01 Jul 2021 21:10:39 GMT" time="1.547" errors="0">
  <testcase name="read_All_Products" time="1.547" classname="testCases.GET_Or_Read_All_Products"/>
</testsuite> <!-- testCases.GET_Or_Read_All_Products -->
