<?xml version="1.0" encoding="UTF-8"?>
<!-- Generated by org.testng.reporters.JUnitReportReporter -->
<testsuite skipped="0" hostname="Duhita-Laptop" name="testCases.PUT_Or_Update_A_Product" tests="1" failures="0" timestamp="02 Jul 2021 18:22:40 GMT" time="1.615" errors="0">
  <testcase name="update_A_Products" time="1.615" classname="testCases.PUT_Or_Update_A_Product"/>
</testsuite> <!-- testCases.PUT_Or_Update_A_Product -->
